<?xml version="1.0" encoding="UTF-8"?>
<!-- Generated by org.testng.reporters.JUnitReportReporter -->
<testsuite hostname="Raj" failures="0" tests="1" name="throughwebtable.TextFileToWebTableCompare" time="0.006" errors="0" timestamp="2024-02-23T15:43:04 CST" skipped="0">
  <testcase classname="throughwebtable.TextFileToWebTableCompare" name="dataFrmText" time="0.006"/>
  <system-out/>
</testsuite> <!-- throughwebtable.TextFileToWebTableCompare -->
