<?xml version="1.0" encoding="UTF-8"?>
<!-- Generated by org.testng.reporters.JUnitReportReporter -->
<testsuite hostname="Raj" failures="0" tests="3" name="datadriventesting.dataProv" time="0.008" errors="0" timestamp="2024-02-15T14:14:34 CST" skipped="0">
  <testcase classname="datadriventesting.dataProv" name="login" time="0.001"/>
  <system-out/>
  <testcase classname="datadriventesting.dataProv" name="login" time="0.001"/>
  <system-out/>
  <testcase classname="datadriventesting.dataProv" name="login" time="0.006"/>
  <system-out/>
</testsuite> <!-- datadriventesting.dataProv -->
