<?xml version="1.0" encoding="UTF-8"?>
<!-- Generated by org.testng.reporters.JUnitReportReporter -->
<testsuite hostname="Raj" failures="0" tests="1" name="throughTextFile.ExampleWrite" time="0.000" errors="0" timestamp="2024-03-04T12:15:55 CST" skipped="0">
  <testcase classname="throughTextFile.ExampleWrite" name="writeintoTextFile" time="0.000"/>
  <system-out>
    <![CDATA[File is created and content is written]]>
  </system-out>
</testsuite> <!-- throughTextFile.ExampleWrite -->
