<?xml version="1.0" encoding="UTF-8"?>
<!-- Generated by org.testng.reporters.JUnitReportReporter -->
<testsuite hostname="Raj" failures="0" tests="1" name="throughwebtable.webtable" time="7.596" errors="0" timestamp="2024-02-18T15:21:37 CST" skipped="0">
  <testcase classname="throughwebtable.webtable" name="readWebTable" time="7.596"/>
  <system-out/>
</testsuite> <!-- throughwebtable.webtable -->
