<?xml version="1.0" encoding="UTF-8"?>
<!-- Generated by org.testng.reporters.JUnitReportReporter -->
<testsuite hostname="Raj" failures="0" tests="3" name="TestNgPractice.Yahoo1" time="0.006" errors="0" timestamp="2024-03-04T12:15:55 CST" skipped="0">
  <testcase classname="TestNgPractice.Yahoo1" name="launchYahoo" time="0.002"/>
  <system-out/>
  <testcase classname="TestNgPractice.Yahoo1" name="loginYahoo" time="0.001"/>
  <system-out/>
  <testcase classname="TestNgPractice.Yahoo1" name="closeYahoo" time="0.003"/>
  <system-out/>
</testsuite> <!-- TestNgPractice.Yahoo1 -->
