<?xml version="1.0" encoding="UTF-8"?>
<!-- Generated by org.testng.reporters.JUnitReportReporter -->
<testsuite hostname="Raj" failures="0" tests="3" name="TestNgPractice.YahooSoftAssert" time="6.282" errors="0" timestamp="2024-02-13T12:06:06 CST" skipped="0">
  <testcase classname="TestNgPractice.YahooSoftAssert" name="LaunchYahoo" time="6.138"/>
  <system-out/>
  <testcase classname="TestNgPractice.YahooSoftAssert" name="LoginYahoo" time="0.010"/>
  <system-out/>
  <testcase classname="TestNgPractice.YahooSoftAssert" name="CloseYahoo" time="0.134"/>
  <system-out/>
</testsuite> <!-- TestNgPractice.YahooSoftAssert -->
