<?xml version="1.0" encoding="UTF-8"?>
<!-- Generated by org.testng.reporters.JUnitReportReporter -->
<testsuite hostname="Raj" failures="0" tests="4" name="TestNgPractice.Yahoo3HardAssert" time="22.823" errors="0" timestamp="2024-03-04T12:15:55 CST" skipped="1">
  <testcase classname="TestNgPractice.Yahoo3HardAssert" name="launchYahoo" time="22.666"/>
  <system-out/>
  <testcase classname="TestNgPractice.Yahoo3HardAssert" name="loginYahoo" time="0.000"/>
  <system-out/>
  <testcase classname="TestNgPractice.Yahoo3HardAssert" name="closeYahoo" time="0.157"/>
  <system-out/>
  <testcase classname="TestNgPractice.Yahoo3HardAssert" name="loginYahoo1">
    <skipped/>
  </testcase> <!-- loginYahoo1 -->
  <system-out/>
</testsuite> <!-- TestNgPractice.Yahoo3HardAssert -->
