<?xml version="1.0" encoding="UTF-8"?>
<!-- Generated by org.testng.reporters.JUnitReportReporter -->
<testsuite hostname="Raj-N-Sam" failures="0" tests="4" name="TestNgPractice.Yahoo3" time="7.756" errors="0" timestamp="2024-02-08T16:33:23 CST" skipped="1">
  <testcase classname="TestNgPractice.Yahoo3" name="launchYahoo" time="7.588"/>
  <system-out/>
  <testcase classname="TestNgPractice.Yahoo3" name="loginYahoo" time="0.015"/>
  <system-out/>
  <testcase classname="TestNgPractice.Yahoo3" name="closeYahoo" time="0.153"/>
  <system-out/>
  <testcase classname="TestNgPractice.Yahoo3" name="loginYahoo1">
    <skipped/>
  </testcase> <!-- loginYahoo1 -->
  <system-out/>
</testsuite> <!-- TestNgPractice.Yahoo3 -->
