<?xml version="1.0" encoding="UTF-8"?>
<!-- Generated by org.testng.reporters.JUnitReportReporter -->
<testsuite hostname="Raj" failures="0" tests="1" name="throughwebtable.webtablerow" time="4.388" errors="0" timestamp="2024-03-04T12:15:55 CST" skipped="0">
  <testcase classname="throughwebtable.webtablerow" name="readWebTableRow" time="4.388"/>
  <system-out/>
</testsuite> <!-- throughwebtable.webtablerow -->
