<?xml version="1.0" encoding="UTF-8"?>
<!-- Generated by org.testng.reporters.JUnitReportReporter -->
<testsuite hostname="Raj" failures="0" tests="3" name="TestNgPractice.Yahoo" time="0.003" errors="0" timestamp="2024-02-13T12:06:06 CST" skipped="0">
  <testcase classname="TestNgPractice.Yahoo" name="launchYahoo" time="0.001"/>
  <system-out/>
  <testcase classname="TestNgPractice.Yahoo" name="loginYahoo" time="0.001"/>
  <system-out/>
  <testcase classname="TestNgPractice.Yahoo" name="closeYahoo" time="0.001"/>
  <system-out/>
</testsuite> <!-- TestNgPractice.Yahoo -->
