<?xml version="1.0" encoding="UTF-8"?>
<!-- Generated by org.testng.reporters.JUnitReportReporter -->
<testsuite hostname="Raj-N-Sam" failures="0" tests="1" name="throughTextFile.throughTextFile" time="0.007" errors="0" timestamp="2024-02-09T12:09:26 CST" skipped="0">
  <testcase classname="throughTextFile.throughTextFile" name="writeintoTextFile" time="0.007"/>
  <system-out/>
</testsuite> <!-- throughTextFile.throughTextFile -->
