<?xml version="1.0" encoding="UTF-8"?>
<!-- Generated by org.testng.reporters.JUnitReportReporter -->
<testsuite hostname="Raj" failures="0" tests="3" name="TestNgPractice.Yahoo4SoftAssert" time="5.965" errors="0" timestamp="2024-03-04T12:15:55 CST" skipped="0">
  <testcase classname="TestNgPractice.Yahoo4SoftAssert" name="LaunchYahoo" time="5.754"/>
  <system-out/>
  <testcase classname="TestNgPractice.Yahoo4SoftAssert" name="LoginYahoo" time="0.018"/>
  <system-out/>
  <testcase classname="TestNgPractice.Yahoo4SoftAssert" name="CloseYahoo" time="0.193"/>
  <system-out/>
</testsuite> <!-- TestNgPractice.Yahoo4SoftAssert -->
