<?xml version="1.0" encoding="UTF-8"?>
<!-- Generated by org.testng.reporters.JUnitReportReporter -->
<testsuite hostname="Raj" failures="0" tests="1" name="throughTextFile.TextFile" time="0.007" errors="0" timestamp="2024-02-13T12:49:31 CST" skipped="0">
  <testcase classname="throughTextFile.TextFile" name="wrAndRe" time="0.007"/>
  <system-out/>
</testsuite> <!-- throughTextFile.TextFile -->
