<?xml version="1.0" encoding="UTF-8"?>
<!-- Generated by org.testng.reporters.JUnitReportReporter -->
<testsuite hostname="Raj" failures="0" tests="1" name="throughwebtable.webtablecolumn" time="3.651" errors="0" timestamp="2024-03-04T12:15:55 CST" skipped="0">
  <testcase classname="throughwebtable.webtablecolumn" name="readWebTableColumn" time="3.651"/>
  <system-out/>
</testsuite> <!-- throughwebtable.webtablecolumn -->
