<?xml version="1.0" encoding="UTF-8"?>
<!-- Generated by org.testng.reporters.JUnitReportReporter -->
<testsuite hostname="Raj" failures="0" tests="1" name="parameters.Yahoo" time="0.002" errors="0" timestamp="2024-02-15T15:44:30 CST" skipped="0">
  <testcase classname="parameters.Yahoo" name="yahooLogin" time="0.002"/>
  <system-out/>
</testsuite> <!-- parameters.Yahoo -->
